<?xml version="1.0" encoding="UTF-8" ?>
<testsuite tests="2" failures="0" name="examples.advancede.RunnerAdv" time="0.038" errors="2" skipped="0">
  <properties>
[...]
</properties>
  <testcase classname="[first]" name="[1:10] criar e recuperar novo usuario" time="0.036">
    <error message="-unknown-:6 - javascript evaluation failed: response[0], ReferenceError: &quot;response&quot; is not defined in &lt;eval&gt; at line number 1" type="com.intuit.karate.exception.KarateException">com.intuit.karate.exception.KarateException: -unknown-:6 - javascript evaluation failed: response[0], ReferenceError: &quot;response&quot; is not defined in &lt;eval&gt; at line number 1
	at ✽.* def first = response[0] (-unknown-:6)
</error>
    <system-out>09:44:07.494 [main] INFO  com.intuit.karate - karate.env system property was: null 
</system-out>
  </testcase>
  <testcase classname="[first]" name="[2:18] geting one of the users" time="0.002">
    <error message="-unknown-:6 - javascript evaluation failed: response[0], ReferenceError: &quot;response&quot; is not defined in &lt;eval&gt; at line number 1" type="com.intuit.karate.exception.KarateException">com.intuit.karate.exception.KarateException: -unknown-:6 - javascript evaluation failed: response[0], ReferenceError: &quot;response&quot; is not defined in &lt;eval&gt; at line number 1
	at ✽.* def first = response[0] (-unknown-:6)
</error>
    <system-out>09:44:07.592 [main] INFO  com.intuit.karate - karate.env system property was: null 
</system-out>
  </testcase>
</testsuite>